0 info it worked if it ends with ok
1 verbose cli [ '/usr/bin/node', '/usr/bin/npm', 'install', '-g', 'sass' ]
2 info using npm@3.5.2
3 info using node@v8.10.0
4 silly loadCurrentTree Starting
5 silly install loadCurrentTree
6 silly install readGlobalPackageData
7 silly fetchPackageMetaData sass
8 silly fetchNamedPackageData sass
9 silly mapToRegistry name sass
10 silly mapToRegistry using default registry
11 silly mapToRegistry registry https://registry.npmjs.org/
12 silly mapToRegistry uri https://registry.npmjs.org/sass
13 verbose request uri https://registry.npmjs.org/sass
14 verbose request no auth needed
15 info attempt registry request try #1 at 1:28:59 PM
16 verbose request id ec163e56790b1105
17 verbose etag W/"a4f7dc46b8acf66585404b78fe31515c"
18 verbose lastModified Wed, 30 Mar 2022 22:25:06 GMT
19 http request GET https://registry.npmjs.org/sass
20 http 304 https://registry.npmjs.org/sass
21 verbose headers { date: 'Fri, 01 Apr 2022 09:29:00 GMT',
21 verbose headers   connection: 'keep-alive',
21 verbose headers   'cf-ray': '6f504c3b5b49c740-RUN',
21 verbose headers   'cache-control': 'public, max-age=300',
21 verbose headers   etag: '"a4f7dc46b8acf66585404b78fe31515c"',
21 verbose headers   'last-modified': 'Wed, 30 Mar 2022 22:25:06 GMT',
21 verbose headers   vary: 'Accept-Encoding',
21 verbose headers   'cf-cache-status': 'REVALIDATED',
21 verbose headers   'expect-ct': 'max-age=604800, report-uri="https://report-uri.cloudflare.com/cdn-cgi/beacon/expect-ct"',
21 verbose headers   'x-amz-replication-status': 'COMPLETED',
21 verbose headers   server: 'cloudflare' }
22 silly get cb [ 304,
22 silly get   { date: 'Fri, 01 Apr 2022 09:29:00 GMT',
22 silly get     connection: 'keep-alive',
22 silly get     'cf-ray': '6f504c3b5b49c740-RUN',
22 silly get     'cache-control': 'public, max-age=300',
22 silly get     etag: '"a4f7dc46b8acf66585404b78fe31515c"',
22 silly get     'last-modified': 'Wed, 30 Mar 2022 22:25:06 GMT',
22 silly get     vary: 'Accept-Encoding',
22 silly get     'cf-cache-status': 'REVALIDATED',
22 silly get     'expect-ct': 'max-age=604800, report-uri="https://report-uri.cloudflare.com/cdn-cgi/beacon/expect-ct"',
22 silly get     'x-amz-replication-status': 'COMPLETED',
22 silly get     server: 'cloudflare' } ]
23 verbose etag https://registry.npmjs.org/sass from cache
24 verbose get saving sass to /home/jonathan/.npm/registry.npmjs.org/sass/.cache.json
25 silly install normalizeTree
26 silly loadCurrentTree Finishing
27 silly loadIdealTree Starting
28 silly install loadIdealTree
29 silly cloneCurrentTree Starting
30 silly install cloneCurrentTreeToIdealTree
31 silly cloneCurrentTree Finishing
32 silly loadShrinkwrap Starting
33 silly install loadShrinkwrap
34 silly loadShrinkwrap Finishing
35 silly loadAllDepsIntoIdealTree Starting
36 silly install loadAllDepsIntoIdealTree
37 silly resolveWithNewModule sass@1.49.10 checking installable status
38 silly cache add args [ 'sass', null ]
39 verbose cache add spec sass
40 silly cache add parsed spec Result {
40 silly cache add   raw: 'sass',
40 silly cache add   scope: null,
40 silly cache add   name: 'sass',
40 silly cache add   rawSpec: '',
40 silly cache add   spec: 'latest',
40 silly cache add   type: 'tag' }
41 silly addNamed sass@latest
42 verbose addNamed "latest" is being treated as a dist-tag for sass
43 info addNameTag [ 'sass', 'latest' ]
44 silly mapToRegistry name sass
45 silly mapToRegistry using default registry
46 silly mapToRegistry registry https://registry.npmjs.org/
47 silly mapToRegistry uri https://registry.npmjs.org/sass
48 verbose addNameTag registry:https://registry.npmjs.org/sass not in flight; fetching
49 verbose get https://registry.npmjs.org/sass not expired, no request
50 silly addNameTag next cb for sass with tag latest
51 silly addNamed sass@1.49.10
52 verbose addNamed "1.49.10" is a plain semver version for sass
53 silly cache afterAdd sass@1.49.10
54 verbose afterAdd /home/jonathan/.npm/sass/1.49.10/package/package.json not in flight; writing
55 verbose afterAdd /home/jonathan/.npm/sass/1.49.10/package/package.json written
56 silly fetchNamedPackageData chokidar
57 silly mapToRegistry name chokidar
58 silly mapToRegistry using default registry
59 silly mapToRegistry registry https://registry.npmjs.org/
60 silly mapToRegistry uri https://registry.npmjs.org/chokidar
61 silly fetchNamedPackageData immutable
62 silly mapToRegistry name immutable
63 silly mapToRegistry using default registry
64 silly mapToRegistry registry https://registry.npmjs.org/
65 silly mapToRegistry uri https://registry.npmjs.org/immutable
66 silly fetchNamedPackageData source-map-js
67 silly mapToRegistry name source-map-js
68 silly mapToRegistry using default registry
69 silly mapToRegistry registry https://registry.npmjs.org/
70 silly mapToRegistry uri https://registry.npmjs.org/source-map-js
71 verbose request uri https://registry.npmjs.org/source-map-js
72 verbose request no auth needed
73 info attempt registry request try #1 at 1:29:01 PM
74 verbose etag W/"84fd805d76a6c4fa19b156915553a9cb"
75 verbose lastModified Tue, 18 Jan 2022 16:23:46 GMT
76 http request GET https://registry.npmjs.org/source-map-js
77 verbose request uri https://registry.npmjs.org/chokidar
78 verbose request no auth needed
79 info attempt registry request try #1 at 1:29:01 PM
80 verbose etag W/"dc9400fe2015eb40ba85ec2cebc9f357"
81 verbose lastModified Sun, 06 Feb 2022 11:03:43 GMT
82 http request GET https://registry.npmjs.org/chokidar
83 verbose request uri https://registry.npmjs.org/immutable
84 verbose request no auth needed
85 info attempt registry request try #1 at 1:29:01 PM
86 verbose etag W/"8bbb2440158f2798df24fb7a754c4422"
87 verbose lastModified Sat, 19 Feb 2022 15:34:30 GMT
88 http request GET https://registry.npmjs.org/immutable
89 http 304 https://registry.npmjs.org/source-map-js
90 verbose headers { date: 'Fri, 01 Apr 2022 09:29:03 GMT',
90 verbose headers   connection: 'keep-alive',
90 verbose headers   'cf-ray': '6f504c4a6a88c740-RUN',
90 verbose headers   'cache-control': 'public, max-age=300',
90 verbose headers   etag: '"84fd805d76a6c4fa19b156915553a9cb"',
90 verbose headers   'last-modified': 'Tue, 18 Jan 2022 16:23:46 GMT',
90 verbose headers   vary: 'Accept-Encoding',
90 verbose headers   'cf-cache-status': 'REVALIDATED',
90 verbose headers   'expect-ct': 'max-age=604800, report-uri="https://report-uri.cloudflare.com/cdn-cgi/beacon/expect-ct"',
90 verbose headers   'x-amz-replication-status': 'COMPLETED',
90 verbose headers   server: 'cloudflare' }
91 silly get cb [ 304,
91 silly get   { date: 'Fri, 01 Apr 2022 09:29:03 GMT',
91 silly get     connection: 'keep-alive',
91 silly get     'cf-ray': '6f504c4a6a88c740-RUN',
91 silly get     'cache-control': 'public, max-age=300',
91 silly get     etag: '"84fd805d76a6c4fa19b156915553a9cb"',
91 silly get     'last-modified': 'Tue, 18 Jan 2022 16:23:46 GMT',
91 silly get     vary: 'Accept-Encoding',
91 silly get     'cf-cache-status': 'REVALIDATED',
91 silly get     'expect-ct': 'max-age=604800, report-uri="https://report-uri.cloudflare.com/cdn-cgi/beacon/expect-ct"',
91 silly get     'x-amz-replication-status': 'COMPLETED',
91 silly get     server: 'cloudflare' } ]
92 verbose etag https://registry.npmjs.org/source-map-js from cache
93 verbose get saving source-map-js to /home/jonathan/.npm/registry.npmjs.org/source-map-js/.cache.json
94 silly resolveWithNewModule source-map-js@1.0.2 checking installable status
95 silly cache add args [ 'source-map-js@>=0.6.2 <2.0.0', null ]
96 verbose cache add spec source-map-js@>=0.6.2 <2.0.0
97 silly cache add parsed spec Result {
97 silly cache add   raw: 'source-map-js@>=0.6.2 <2.0.0',
97 silly cache add   scope: null,
97 silly cache add   name: 'source-map-js',
97 silly cache add   rawSpec: '>=0.6.2 <2.0.0',
97 silly cache add   spec: '>=0.6.2 <2.0.0',
97 silly cache add   type: 'range' }
98 silly addNamed source-map-js@>=0.6.2 <2.0.0
99 verbose addNamed ">=0.6.2 <2.0.0" is a valid semver range for source-map-js
100 silly addNameRange { name: 'source-map-js',
100 silly addNameRange   range: '>=0.6.2 <2.0.0',
100 silly addNameRange   hasData: false }
101 silly mapToRegistry name source-map-js
102 silly mapToRegistry using default registry
103 silly mapToRegistry registry https://registry.npmjs.org/
104 silly mapToRegistry uri https://registry.npmjs.org/source-map-js
105 verbose addNameRange registry:https://registry.npmjs.org/source-map-js not in flight; fetching
106 verbose get https://registry.npmjs.org/source-map-js not expired, no request
107 silly addNameRange number 2 { name: 'source-map-js', range: '>=0.6.2 <2.0.0', hasData: true }
108 silly addNameRange versions [ 'source-map-js', [ '0.6.2', '1.0.0', '1.0.1', '1.0.2' ] ]
109 silly addNamed source-map-js@1.0.2
110 verbose addNamed "1.0.2" is a plain semver version for source-map-js
111 silly cache afterAdd source-map-js@1.0.2
112 verbose afterAdd /home/jonathan/.npm/source-map-js/1.0.2/package/package.json not in flight; writing
113 verbose afterAdd /home/jonathan/.npm/source-map-js/1.0.2/package/package.json written
114 http 304 https://registry.npmjs.org/chokidar
115 verbose headers { date: 'Fri, 01 Apr 2022 09:29:03 GMT',
115 verbose headers   connection: 'keep-alive',
115 verbose headers   'cf-ray': '6f504c4aaef6c738-RUN',
115 verbose headers   'cache-control': 'public, max-age=300',
115 verbose headers   etag: '"dc9400fe2015eb40ba85ec2cebc9f357"',
115 verbose headers   'last-modified': 'Sun, 06 Feb 2022 11:03:43 GMT',
115 verbose headers   vary: 'Accept-Encoding',
115 verbose headers   'cf-cache-status': 'REVALIDATED',
115 verbose headers   'expect-ct': 'max-age=604800, report-uri="https://report-uri.cloudflare.com/cdn-cgi/beacon/expect-ct"',
115 verbose headers   'x-amz-replication-status': 'COMPLETED',
115 verbose headers   server: 'cloudflare' }
116 silly get cb [ 304,
116 silly get   { date: 'Fri, 01 Apr 2022 09:29:03 GMT',
116 silly get     connection: 'keep-alive',
116 silly get     'cf-ray': '6f504c4aaef6c738-RUN',
116 silly get     'cache-control': 'public, max-age=300',
116 silly get     etag: '"dc9400fe2015eb40ba85ec2cebc9f357"',
116 silly get     'last-modified': 'Sun, 06 Feb 2022 11:03:43 GMT',
116 silly get     vary: 'Accept-Encoding',
116 silly get     'cf-cache-status': 'REVALIDATED',
116 silly get     'expect-ct': 'max-age=604800, report-uri="https://report-uri.cloudflare.com/cdn-cgi/beacon/expect-ct"',
116 silly get     'x-amz-replication-status': 'COMPLETED',
116 silly get     server: 'cloudflare' } ]
117 verbose etag https://registry.npmjs.org/chokidar from cache
118 verbose get saving chokidar to /home/jonathan/.npm/registry.npmjs.org/chokidar/.cache.json
119 silly resolveWithNewModule chokidar@3.5.3 checking installable status
120 silly cache add args [ 'chokidar@>=3.0.0 <4.0.0', null ]
121 verbose cache add spec chokidar@>=3.0.0 <4.0.0
122 silly cache add parsed spec Result {
122 silly cache add   raw: 'chokidar@>=3.0.0 <4.0.0',
122 silly cache add   scope: null,
122 silly cache add   name: 'chokidar',
122 silly cache add   rawSpec: '>=3.0.0 <4.0.0',
122 silly cache add   spec: '>=3.0.0 <4.0.0',
122 silly cache add   type: 'range' }
123 silly addNamed chokidar@>=3.0.0 <4.0.0
124 verbose addNamed ">=3.0.0 <4.0.0" is a valid semver range for chokidar
125 silly addNameRange { name: 'chokidar', range: '>=3.0.0 <4.0.0', hasData: false }
126 silly mapToRegistry name chokidar
127 silly mapToRegistry using default registry
128 silly mapToRegistry registry https://registry.npmjs.org/
129 silly mapToRegistry uri https://registry.npmjs.org/chokidar
130 verbose addNameRange registry:https://registry.npmjs.org/chokidar not in flight; fetching
131 verbose get https://registry.npmjs.org/chokidar not expired, no request
132 silly addNameRange number 2 { name: 'chokidar', range: '>=3.0.0 <4.0.0', hasData: true }
133 silly addNameRange versions [ 'chokidar',
133 silly addNameRange   [ '0.1.1',
133 silly addNameRange     '0.2.0',
133 silly addNameRange     '0.2.1',
133 silly addNameRange     '0.2.2',
133 silly addNameRange     '0.2.3',
133 silly addNameRange     '0.2.4',
133 silly addNameRange     '0.2.5',
133 silly addNameRange     '0.2.6',
133 silly addNameRange     '0.3.0',
133 silly addNameRange     '0.4.0',
133 silly addNameRange     '0.5.0',
133 silly addNameRange     '0.5.1',
133 silly addNameRange     '0.5.2',
133 silly addNameRange     '0.5.3',
133 silly addNameRange     '0.6.0',
133 silly addNameRange     '0.6.1',
133 silly addNameRange     '0.6.2',
133 silly addNameRange     '0.6.3',
133 silly addNameRange     '0.7.0',
133 silly addNameRange     '0.7.1',
133 silly addNameRange     '0.8.0',
133 silly addNameRange     '0.8.1',
133 silly addNameRange     '0.8.2',
133 silly addNameRange     '0.8.3',
133 silly addNameRange     '0.8.4',
133 silly addNameRange     '0.9.0',
133 silly addNameRange     '0.10.0',
133 silly addNameRange     '0.10.1',
133 silly addNameRange     '0.10.2',
133 silly addNameRange     '0.10.3',
133 silly addNameRange     '0.10.4',
133 silly addNameRange     '0.10.5',
133 silly addNameRange     '0.10.6',
133 silly addNameRange     '0.10.7',
133 silly addNameRange     '0.10.8',
133 silly addNameRange     '0.10.9',
133 silly addNameRange     '0.11.0',
133 silly addNameRange     '0.11.1',
133 silly addNameRange     '0.12.0',
133 silly addNameRange     '0.12.1',
133 silly addNameRange     '0.12.2',
133 silly addNameRange     '0.12.3',
133 silly addNameRange     '0.12.4',
133 silly addNameRange     '0.12.5',
133 silly addNameRange     '0.12.6',
133 silly addNameRange     '1.0.0-rc1',
133 silly addNameRange     '1.0.0-rc1.1',
133 silly addNameRange     '1.0.0-rc2',
133 silly addNameRange     '1.0.0-rc3',
133 silly addNameRange     '1.0.0-rc4',
133 silly addNameRange     '1.0.0-rc5',
133 silly addNameRange     '1.0.0',
133 silly addNameRange     '1.0.1',
133 silly addNameRange     '1.0.2',
133 silly addNameRange     '1.0.3',
133 silly addNameRange     '1.0.4',
133 silly addNameRange     '1.0.5',
133 silly addNameRange     '1.0.6',
133 silly addNameRange     '1.1.0',
133 silly addNameRange     '1.2.0',
133 silly addNameRange     '1.3.0',
133 silly addNameRange     '1.4.0',
133 silly addNameRange     '1.4.1',
133 silly addNameRange     '1.4.2',
133 silly addNameRange     '1.4.3',
133 silly addNameRange     '1.5.0',
133 silly addNameRange     '1.5.1',
133 silly addNameRange     '1.5.2',
133 silly addNameRange     '1.6.0',
133 silly addNameRange     '1.6.1',
133 silly addNameRange     '1.7.0',
133 silly addNameRange     '2.0.0',
133 silly addNameRange     '2.0.1',
133 silly addNameRange     '2.0.2',
133 silly addNameRange     '2.0.3',
133 silly addNameRange     '2.0.4',
133 silly addNameRange     '2.1.0',
133 silly addNameRange     '2.1.1',
133 silly addNameRange     '2.1.2',
133 silly addNameRange     '2.1.3',
133 silly addNameRange     '2.1.4',
133 silly addNameRange     '2.1.5',
133 silly addNameRange     '3.0.0',
133 silly addNameRange     '2.1.6',
133 silly addNameRange     '3.0.1',
133 silly addNameRange     '3.0.2',
133 silly addNameRange     '2.1.8',
133 silly addNameRange     '3.1.0',
133 silly addNameRange     '3.1.1',
133 silly addNameRange     '3.2.0',
133 silly addNameRange     '3.2.1',
133 silly addNameRange     '3.2.2',
133 silly addNameRange     '3.2.3',
133 silly addNameRange     '3.3.0',
133 silly addNameRange     '3.3.1',
133 silly addNameRange     '3.4.0',
133 silly addNameRange     '3.4.1',
133 silly addNameRange     '3.4.2',
133 silly addNameRange     '3.4.3',
133 silly addNameRange     '3.5.0',
133 silly addNameRange     ... 3 more items ] ]
134 silly addNamed chokidar@3.5.3
135 verbose addNamed "3.5.3" is a plain semver version for chokidar
136 silly cache afterAdd chokidar@3.5.3
137 verbose afterAdd /home/jonathan/.npm/chokidar/3.5.3/package/package.json not in flight; writing
138 verbose afterAdd /home/jonathan/.npm/chokidar/3.5.3/package/package.json written
139 http 304 https://registry.npmjs.org/immutable
140 verbose headers { date: 'Fri, 01 Apr 2022 09:29:03 GMT',
140 verbose headers   connection: 'keep-alive',
140 verbose headers   'cf-ray': '6f504c4aacefc744-RUN',
140 verbose headers   'cache-control': 'public, max-age=300',
140 verbose headers   etag: '"8bbb2440158f2798df24fb7a754c4422"',
140 verbose headers   'last-modified': 'Sat, 19 Feb 2022 15:34:30 GMT',
140 verbose headers   vary: 'Accept-Encoding',
140 verbose headers   'cf-cache-status': 'REVALIDATED',
140 verbose headers   'expect-ct': 'max-age=604800, report-uri="https://report-uri.cloudflare.com/cdn-cgi/beacon/expect-ct"',
140 verbose headers   'x-amz-replication-status': 'COMPLETED',
140 verbose headers   server: 'cloudflare' }
141 silly get cb [ 304,
141 silly get   { date: 'Fri, 01 Apr 2022 09:29:03 GMT',
141 silly get     connection: 'keep-alive',
141 silly get     'cf-ray': '6f504c4aacefc744-RUN',
141 silly get     'cache-control': 'public, max-age=300',
141 silly get     etag: '"8bbb2440158f2798df24fb7a754c4422"',
141 silly get     'last-modified': 'Sat, 19 Feb 2022 15:34:30 GMT',
141 silly get     vary: 'Accept-Encoding',
141 silly get     'cf-cache-status': 'REVALIDATED',
141 silly get     'expect-ct': 'max-age=604800, report-uri="https://report-uri.cloudflare.com/cdn-cgi/beacon/expect-ct"',
141 silly get     'x-amz-replication-status': 'COMPLETED',
141 silly get     server: 'cloudflare' } ]
142 verbose etag https://registry.npmjs.org/immutable from cache
143 verbose get saving immutable to /home/jonathan/.npm/registry.npmjs.org/immutable/.cache.json
144 silly resolveWithNewModule immutable@4.0.0 checking installable status
145 silly cache add args [ 'immutable@^4.0.0', null ]
146 verbose cache add spec immutable@^4.0.0
147 silly cache add parsed spec Result {
147 silly cache add   raw: 'immutable@^4.0.0',
147 silly cache add   scope: null,
147 silly cache add   name: 'immutable',
147 silly cache add   rawSpec: '^4.0.0',
147 silly cache add   spec: '>=4.0.0 <5.0.0',
147 silly cache add   type: 'range' }
148 silly addNamed immutable@>=4.0.0 <5.0.0
149 verbose addNamed ">=4.0.0 <5.0.0" is a valid semver range for immutable
150 silly addNameRange { name: 'immutable', range: '>=4.0.0 <5.0.0', hasData: false }
151 silly mapToRegistry name immutable
152 silly mapToRegistry using default registry
153 silly mapToRegistry registry https://registry.npmjs.org/
154 silly mapToRegistry uri https://registry.npmjs.org/immutable
155 verbose addNameRange registry:https://registry.npmjs.org/immutable not in flight; fetching
156 verbose get https://registry.npmjs.org/immutable not expired, no request
157 silly addNameRange number 2 { name: 'immutable', range: '>=4.0.0 <5.0.0', hasData: true }
158 silly addNameRange versions [ 'immutable',
158 silly addNameRange   [ '0.8.0-SNAPSHOT',
158 silly addNameRange     '0.8.0',
158 silly addNameRange     '0.9.0',
158 silly addNameRange     '0.9.1',
158 silly addNameRange     '0.9.2',
158 silly addNameRange     '1.0.0',
158 silly addNameRange     '1.1.0',
158 silly addNameRange     '1.2.0',
158 silly addNameRange     '1.3.0',
158 silly addNameRange     '1.4.0',
158 silly addNameRange     '1.5.0',
158 silly addNameRange     '1.4.1',
158 silly addNameRange     '2.0.0',
158 silly addNameRange     '2.0.1',
158 silly addNameRange     '2.0.2',
158 silly addNameRange     '2.0.3',
158 silly addNameRange     '2.0.4',
158 silly addNameRange     '2.0.5',
158 silly addNameRange     '2.0.6',
158 silly addNameRange     '2.0.7',
158 silly addNameRange     '2.0.8',
158 silly addNameRange     '2.0.9',
158 silly addNameRange     '2.0.10',
158 silly addNameRange     '2.0.11',
158 silly addNameRange     '2.0.12',
158 silly addNameRange     '2.0.13',
158 silly addNameRange     '2.0.14',
158 silly addNameRange     '2.0.15',
158 silly addNameRange     '2.0.16',
158 silly addNameRange     '2.0.17',
158 silly addNameRange     '2.1.0',
158 silly addNameRange     '2.2.1',
158 silly addNameRange     '2.2.2',
158 silly addNameRange     '2.2.3',
158 silly addNameRange     '2.3.0',
158 silly addNameRange     '2.3.1',
158 silly addNameRange     '2.3.2',
158 silly addNameRange     '2.5.0',
158 silly addNameRange     '2.5.1',
158 silly addNameRange     '2.6.0',
158 silly addNameRange     '2.6.1',
158 silly addNameRange     '2.6.2',
158 silly addNameRange     '3.0.0',
158 silly addNameRange     '3.0.1',
158 silly addNameRange     '3.0.2',
158 silly addNameRange     '3.0.3',
158 silly addNameRange     '3.1.0',
158 silly addNameRange     '3.2.0',
158 silly addNameRange     '3.2.1',
158 silly addNameRange     '3.3.0',
158 silly addNameRange     '3.4.0',
158 silly addNameRange     '3.4.1',
158 silly addNameRange     '3.5.0',
158 silly addNameRange     '3.6.0',
158 silly addNameRange     '3.6.1',
158 silly addNameRange     '3.6.2',
158 silly addNameRange     '3.6.3',
158 silly addNameRange     '3.6.4',
158 silly addNameRange     '3.7.0',
158 silly addNameRange     '3.7.1',
158 silly addNameRange     '3.7.2',
158 silly addNameRange     '3.7.3',
158 silly addNameRange     '3.7.4',
158 silly addNameRange     '3.7.5',
158 silly addNameRange     '3.7.6',
158 silly addNameRange     '3.8.0',
158 silly addNameRange     '3.8.1',
158 silly addNameRange     '4.0.0-rc.1',
158 silly addNameRange     '4.0.0-rc.2',
158 silly addNameRange     '4.0.0-rc.3',
158 silly addNameRange     '4.0.0-rc.4',
158 silly addNameRange     '3.8.2',
158 silly addNameRange     '4.0.0-rc.5',
158 silly addNameRange     '4.0.0-rc.6',
158 silly addNameRange     '4.0.0-rc.7',
158 silly addNameRange     '4.0.0-rc.8',
158 silly addNameRange     '4.0.0-rc.9',
158 silly addNameRange     '4.0.0-rc.10',
158 silly addNameRange     '4.0.0-rc.11',
158 silly addNameRange     '4.0.0-rc.12',
158 silly addNameRange     '4.0.0-rc.14',
158 silly addNameRange     '4.0.0-rc.15',
158 silly addNameRange     '4.0.0' ] ]
159 silly addNamed immutable@4.0.0
160 verbose addNamed "4.0.0" is a plain semver version for immutable
161 silly cache afterAdd immutable@4.0.0
162 verbose afterAdd /home/jonathan/.npm/immutable/4.0.0/package/package.json not in flight; writing
163 verbose afterAdd /home/jonathan/.npm/immutable/4.0.0/package/package.json written
164 silly fetchNamedPackageData anymatch
165 silly mapToRegistry name anymatch
166 silly mapToRegistry using default registry
167 silly mapToRegistry registry https://registry.npmjs.org/
168 silly mapToRegistry uri https://registry.npmjs.org/anymatch
169 silly fetchNamedPackageData braces
170 silly mapToRegistry name braces
171 silly mapToRegistry using default registry
172 silly mapToRegistry registry https://registry.npmjs.org/
173 silly mapToRegistry uri https://registry.npmjs.org/braces
174 silly fetchNamedPackageData glob-parent
175 silly mapToRegistry name glob-parent
176 silly mapToRegistry using default registry
177 silly mapToRegistry registry https://registry.npmjs.org/
178 silly mapToRegistry uri https://registry.npmjs.org/glob-parent
179 silly fetchNamedPackageData is-binary-path
180 silly mapToRegistry name is-binary-path
181 silly mapToRegistry using default registry
182 silly mapToRegistry registry https://registry.npmjs.org/
183 silly mapToRegistry uri https://registry.npmjs.org/is-binary-path
184 silly fetchNamedPackageData is-glob
185 silly mapToRegistry name is-glob
186 silly mapToRegistry using default registry
187 silly mapToRegistry registry https://registry.npmjs.org/
188 silly mapToRegistry uri https://registry.npmjs.org/is-glob
189 silly fetchNamedPackageData normalize-path
190 silly mapToRegistry name normalize-path
191 silly mapToRegistry using default registry
192 silly mapToRegistry registry https://registry.npmjs.org/
193 silly mapToRegistry uri https://registry.npmjs.org/normalize-path
194 silly fetchNamedPackageData readdirp
195 silly mapToRegistry name readdirp
196 silly mapToRegistry using default registry
197 silly mapToRegistry registry https://registry.npmjs.org/
198 silly mapToRegistry uri https://registry.npmjs.org/readdirp
199 silly fetchNamedPackageData fsevents
200 silly mapToRegistry name fsevents
201 silly mapToRegistry using default registry
202 silly mapToRegistry registry https://registry.npmjs.org/
203 silly mapToRegistry uri https://registry.npmjs.org/fsevents
204 verbose request uri https://registry.npmjs.org/glob-parent
205 verbose request no auth needed
206 info attempt registry request try #1 at 1:29:03 PM
207 verbose etag W/"48c4e5879411fccc2bb700c16f253e2c"
208 verbose lastModified Sun, 09 Jan 2022 11:26:36 GMT
209 http request GET https://registry.npmjs.org/glob-parent
210 verbose request uri https://registry.npmjs.org/is-binary-path
211 verbose request no auth needed
212 info attempt registry request try #1 at 1:29:03 PM
213 verbose etag W/"8ed7a9479c3f5e194e9571992693ddc0"
214 verbose lastModified Fri, 19 Apr 2019 04:42:49 GMT
215 http request GET https://registry.npmjs.org/is-binary-path
216 verbose request uri https://registry.npmjs.org/anymatch
217 verbose request no auth needed
218 info attempt registry request try #1 at 1:29:03 PM
219 verbose etag W/"4fceb5ef5ed162aef06d3aea5b65daf5"
220 verbose lastModified Tue, 06 Apr 2021 22:16:04 GMT
221 http request GET https://registry.npmjs.org/anymatch
222 verbose request uri https://registry.npmjs.org/normalize-path
223 verbose request no auth needed
224 info attempt registry request try #1 at 1:29:03 PM
225 verbose etag W/"0a459c763ee9d4916c02d792a226cce9"
226 verbose lastModified Sun, 27 May 2018 10:33:45 GMT
227 http request GET https://registry.npmjs.org/normalize-path
228 verbose request uri https://registry.npmjs.org/is-glob
229 verbose request no auth needed
230 info attempt registry request try #1 at 1:29:03 PM
231 verbose etag W/"8782fcfb5a95e30fb35c10665b84820d"
232 verbose lastModified Sun, 09 Jan 2022 15:37:14 GMT
233 http request GET https://registry.npmjs.org/is-glob
234 verbose request uri https://registry.npmjs.org/braces
235 verbose request no auth needed
236 info attempt registry request try #1 at 1:29:03 PM
237 verbose etag W/"53878de16015f7ab71c0a56f622f24f9"
238 verbose lastModified Tue, 16 Apr 2019 19:51:16 GMT
239 http request GET https://registry.npmjs.org/braces
240 verbose request uri https://registry.npmjs.org/readdirp
241 verbose request no auth needed
242 info attempt registry request try #1 at 1:29:03 PM
243 verbose etag W/"a17162fb87e16ef230ef92d9541b37a9"
244 verbose lastModified Sun, 14 Mar 2021 10:22:35 GMT
245 http request GET https://registry.npmjs.org/readdirp
246 verbose request uri https://registry.npmjs.org/fsevents
247 verbose request no auth needed
248 info attempt registry request try #1 at 1:29:03 PM
249 verbose etag W/"897b89cb36d39b1e4f3706e4aaceba9b"
250 verbose lastModified Fri, 05 Feb 2021 14:46:37 GMT
251 http request GET https://registry.npmjs.org/fsevents
252 http 304 https://registry.npmjs.org/is-binary-path
253 verbose headers { date: 'Fri, 01 Apr 2022 09:29:03 GMT',
253 verbose headers   connection: 'keep-alive',
253 verbose headers   'cf-ray': '6f504c543b76c738-RUN',
253 verbose headers   'cache-control': 'public, max-age=300',
253 verbose headers   etag: '"8ed7a9479c3f5e194e9571992693ddc0"',
253 verbose headers   'last-modified': 'Fri, 19 Apr 2019 04:42:49 GMT',
253 verbose headers   vary: 'Accept-Encoding',
253 verbose headers   'cf-cache-status': 'REVALIDATED',
253 verbose headers   'expect-ct': 'max-age=604800, report-uri="https://report-uri.cloudflare.com/cdn-cgi/beacon/expect-ct"',
253 verbose headers   server: 'cloudflare' }
254 silly get cb [ 304,
254 silly get   { date: 'Fri, 01 Apr 2022 09:29:03 GMT',
254 silly get     connection: 'keep-alive',
254 silly get     'cf-ray': '6f504c543b76c738-RUN',
254 silly get     'cache-control': 'public, max-age=300',
254 silly get     etag: '"8ed7a9479c3f5e194e9571992693ddc0"',
254 silly get     'last-modified': 'Fri, 19 Apr 2019 04:42:49 GMT',
254 silly get     vary: 'Accept-Encoding',
254 silly get     'cf-cache-status': 'REVALIDATED',
254 silly get     'expect-ct': 'max-age=604800, report-uri="https://report-uri.cloudflare.com/cdn-cgi/beacon/expect-ct"',
254 silly get     server: 'cloudflare' } ]
255 verbose etag https://registry.npmjs.org/is-binary-path from cache
256 verbose get saving is-binary-path to /home/jonathan/.npm/registry.npmjs.org/is-binary-path/.cache.json
257 silly resolveWithNewModule is-binary-path@2.1.0 checking installable status
258 silly cache add args [ 'is-binary-path@~2.1.0', null ]
259 verbose cache add spec is-binary-path@~2.1.0
260 silly cache add parsed spec Result {
260 silly cache add   raw: 'is-binary-path@~2.1.0',
260 silly cache add   scope: null,
260 silly cache add   name: 'is-binary-path',
260 silly cache add   rawSpec: '~2.1.0',
260 silly cache add   spec: '>=2.1.0 <2.2.0',
260 silly cache add   type: 'range' }
261 silly addNamed is-binary-path@>=2.1.0 <2.2.0
262 verbose addNamed ">=2.1.0 <2.2.0" is a valid semver range for is-binary-path
263 silly addNameRange { name: 'is-binary-path',
263 silly addNameRange   range: '>=2.1.0 <2.2.0',
263 silly addNameRange   hasData: false }
264 silly mapToRegistry name is-binary-path
265 silly mapToRegistry using default registry
266 silly mapToRegistry registry https://registry.npmjs.org/
267 silly mapToRegistry uri https://registry.npmjs.org/is-binary-path
268 verbose addNameRange registry:https://registry.npmjs.org/is-binary-path not in flight; fetching
269 verbose get https://registry.npmjs.org/is-binary-path not expired, no request
270 silly addNameRange number 2 { name: 'is-binary-path',
270 silly addNameRange   range: '>=2.1.0 <2.2.0',
270 silly addNameRange   hasData: true }
271 silly addNameRange versions [ 'is-binary-path',
271 silly addNameRange   [ '1.0.0', '1.0.1', '2.0.0', '2.0.1', '2.1.0' ] ]
272 silly addNamed is-binary-path@2.1.0
273 verbose addNamed "2.1.0" is a plain semver version for is-binary-path
274 silly cache afterAdd is-binary-path@2.1.0
275 verbose afterAdd /home/jonathan/.npm/is-binary-path/2.1.0/package/package.json not in flight; writing
276 verbose afterAdd /home/jonathan/.npm/is-binary-path/2.1.0/package/package.json written
277 http 304 https://registry.npmjs.org/readdirp
278 verbose headers { date: 'Fri, 01 Apr 2022 09:29:03 GMT',
278 verbose headers   connection: 'keep-alive',
278 verbose headers   'cf-ray': '6f504c5458fcc744-RUN',
278 verbose headers   'cache-control': 'public, max-age=300',
278 verbose headers   etag: '"a17162fb87e16ef230ef92d9541b37a9"',
278 verbose headers   'last-modified': 'Sun, 14 Mar 2021 10:22:35 GMT',
278 verbose headers   vary: 'Accept-Encoding',
278 verbose headers   'cf-cache-status': 'REVALIDATED',
278 verbose headers   'expect-ct': 'max-age=604800, report-uri="https://report-uri.cloudflare.com/cdn-cgi/beacon/expect-ct"',
278 verbose headers   server: 'cloudflare' }
279 silly get cb [ 304,
279 silly get   { date: 'Fri, 01 Apr 2022 09:29:03 GMT',
279 silly get     connection: 'keep-alive',
279 silly get     'cf-ray': '6f504c5458fcc744-RUN',
279 silly get     'cache-control': 'public, max-age=300',
279 silly get     etag: '"a17162fb87e16ef230ef92d9541b37a9"',
279 silly get     'last-modified': 'Sun, 14 Mar 2021 10:22:35 GMT',
279 silly get     vary: 'Accept-Encoding',
279 silly get     'cf-cache-status': 'REVALIDATED',
279 silly get     'expect-ct': 'max-age=604800, report-uri="https://report-uri.cloudflare.com/cdn-cgi/beacon/expect-ct"',
279 silly get     server: 'cloudflare' } ]
280 verbose etag https://registry.npmjs.org/readdirp from cache
281 verbose get saving readdirp to /home/jonathan/.npm/registry.npmjs.org/readdirp/.cache.json
282 silly resolveWithNewModule readdirp@3.6.0 checking installable status
283 silly cache add args [ 'readdirp@~3.6.0', null ]
284 verbose cache add spec readdirp@~3.6.0
285 silly cache add parsed spec Result {
285 silly cache add   raw: 'readdirp@~3.6.0',
285 silly cache add   scope: null,
285 silly cache add   name: 'readdirp',
285 silly cache add   rawSpec: '~3.6.0',
285 silly cache add   spec: '>=3.6.0 <3.7.0',
285 silly cache add   type: 'range' }
286 silly addNamed readdirp@>=3.6.0 <3.7.0
287 verbose addNamed ">=3.6.0 <3.7.0" is a valid semver range for readdirp
288 silly addNameRange { name: 'readdirp', range: '>=3.6.0 <3.7.0', hasData: false }
289 silly mapToRegistry name readdirp
290 silly mapToRegistry using default registry
291 silly mapToRegistry registry https://registry.npmjs.org/
292 silly mapToRegistry uri https://registry.npmjs.org/readdirp
293 verbose addNameRange registry:https://registry.npmjs.org/readdirp not in flight; fetching
294 verbose get https://registry.npmjs.org/readdirp not expired, no request
295 silly addNameRange number 2 { name: 'readdirp', range: '>=3.6.0 <3.7.0', hasData: true }
296 silly addNameRange versions [ 'readdirp',
296 silly addNameRange   [ '0.1.0',
296 silly addNameRange     '0.1.1',
296 silly addNameRange     '0.1.2',
296 silly addNameRange     '0.1.3',
296 silly addNameRange     '0.1.4',
296 silly addNameRange     '0.2.0',
296 silly addNameRange     '0.2.1',
296 silly addNameRange     '0.2.2',
296 silly addNameRange     '0.2.3',
296 silly addNameRange     '0.2.4',
296 silly addNameRange     '0.2.5',
296 silly addNameRange     '0.3.0',
296 silly addNameRange     '0.3.1',
296 silly addNameRange     '0.3.2',
296 silly addNameRange     '0.3.3',
296 silly addNameRange     '0.4.0',
296 silly addNameRange     '1.0.0',
296 silly addNameRange     '1.0.1',
296 silly addNameRange     '1.1.0',
296 silly addNameRange     '1.2.0',
296 silly addNameRange     '1.3.0',
296 silly addNameRange     '1.4.0',
296 silly addNameRange     '2.0.0',
296 silly addNameRange     '2.0.1',
296 silly addNameRange     '2.1.0',
296 silly addNameRange     '2.2.0',
296 silly addNameRange     '2.2.1',
296 silly addNameRange     '3.0.0',
296 silly addNameRange     '3.0.1',
296 silly addNameRange     '3.0.2',
296 silly addNameRange     '3.0.3',
296 silly addNameRange     '3.1.0',
296 silly addNameRange     '3.1.1',
296 silly addNameRange     '3.1.2',
296 silly addNameRange     '3.1.3',
296 silly addNameRange     '3.2.0',
296 silly addNameRange     '3.3.0',
296 silly addNameRange     '3.4.0',
296 silly addNameRange     '3.5.0',
296 silly addNameRange     '3.6.0' ] ]
297 silly addNamed readdirp@3.6.0
298 verbose addNamed "3.6.0" is a plain semver version for readdirp
299 silly cache afterAdd readdirp@3.6.0
300 verbose afterAdd /home/jonathan/.npm/readdirp/3.6.0/package/package.json not in flight; writing
301 verbose afterAdd /home/jonathan/.npm/readdirp/3.6.0/package/package.json written
302 http 304 https://registry.npmjs.org/anymatch
303 verbose headers { date: 'Fri, 01 Apr 2022 09:29:04 GMT',
303 verbose headers   connection: 'keep-alive',
303 verbose headers   'cf-ray': '6f504c5438eec744-RUN',
303 verbose headers   'cache-control': 'public, max-age=300',
303 verbose headers   etag: '"4fceb5ef5ed162aef06d3aea5b65daf5"',
303 verbose headers   'last-modified': 'Tue, 06 Apr 2021 22:16:04 GMT',
303 verbose headers   vary: 'Accept-Encoding',
303 verbose headers   'cf-cache-status': 'REVALIDATED',
303 verbose headers   'expect-ct': 'max-age=604800, report-uri="https://report-uri.cloudflare.com/cdn-cgi/beacon/expect-ct"',
303 verbose headers   server: 'cloudflare' }
304 silly get cb [ 304,
304 silly get   { date: 'Fri, 01 Apr 2022 09:29:04 GMT',
304 silly get     connection: 'keep-alive',
304 silly get     'cf-ray': '6f504c5438eec744-RUN',
304 silly get     'cache-control': 'public, max-age=300',
304 silly get     etag: '"4fceb5ef5ed162aef06d3aea5b65daf5"',
304 silly get     'last-modified': 'Tue, 06 Apr 2021 22:16:04 GMT',
304 silly get     vary: 'Accept-Encoding',
304 silly get     'cf-cache-status': 'REVALIDATED',
304 silly get     'expect-ct': 'max-age=604800, report-uri="https://report-uri.cloudflare.com/cdn-cgi/beacon/expect-ct"',
304 silly get     server: 'cloudflare' } ]
305 verbose etag https://registry.npmjs.org/anymatch from cache
306 verbose get saving anymatch to /home/jonathan/.npm/registry.npmjs.org/anymatch/.cache.json
307 silly resolveWithNewModule anymatch@3.1.2 checking installable status
308 silly cache add args [ 'anymatch@~3.1.2', null ]
309 verbose cache add spec anymatch@~3.1.2
310 silly cache add parsed spec Result {
310 silly cache add   raw: 'anymatch@~3.1.2',
310 silly cache add   scope: null,
310 silly cache add   name: 'anymatch',
310 silly cache add   rawSpec: '~3.1.2',
310 silly cache add   spec: '>=3.1.2 <3.2.0',
310 silly cache add   type: 'range' }
311 silly addNamed anymatch@>=3.1.2 <3.2.0
312 verbose addNamed ">=3.1.2 <3.2.0" is a valid semver range for anymatch
313 silly addNameRange { name: 'anymatch', range: '>=3.1.2 <3.2.0', hasData: false }
314 silly mapToRegistry name anymatch
315 silly mapToRegistry using default registry
316 silly mapToRegistry registry https://registry.npmjs.org/
317 silly mapToRegistry uri https://registry.npmjs.org/anymatch
318 verbose addNameRange registry:https://registry.npmjs.org/anymatch not in flight; fetching
319 verbose get https://registry.npmjs.org/anymatch not expired, no request
320 silly addNameRange number 2 { name: 'anymatch', range: '>=3.1.2 <3.2.0', hasData: true }
321 silly addNameRange versions [ 'anymatch',
321 silly addNameRange   [ '0.1.0',
321 silly addNameRange     '0.1.1',
321 silly addNameRange     '0.2.0',
321 silly addNameRange     '1.0.0',
321 silly addNameRange     '1.1.0',
321 silly addNameRange     '1.2.0',
321 silly addNameRange     '1.2.1',
321 silly addNameRange     '1.3.0',
321 silly addNameRange     '1.3.2',
321 silly addNameRange     '2.0.0',
321 silly addNameRange     '3.0.0',
321 silly addNameRange     '3.0.1',
321 silly addNameRange     '3.0.2',
321 silly addNameRange     '3.0.3',
321 silly addNameRange     '3.1.0',
321 silly addNameRange     '3.1.1',
321 silly addNameRange     '3.1.2' ] ]
322 silly addNamed anymatch@3.1.2
323 verbose addNamed "3.1.2" is a plain semver version for anymatch
324 silly cache afterAdd anymatch@3.1.2
325 verbose afterAdd /home/jonathan/.npm/anymatch/3.1.2/package/package.json not in flight; writing
326 verbose afterAdd /home/jonathan/.npm/anymatch/3.1.2/package/package.json written
327 http 304 https://registry.npmjs.org/glob-parent
328 verbose headers { date: 'Fri, 01 Apr 2022 09:29:04 GMT',
328 verbose headers   connection: 'keep-alive',
328 verbose headers   'cf-ray': '6f504c542e60c740-RUN',
328 verbose headers   'cache-control': 'public, max-age=300',
328 verbose headers   etag: '"48c4e5879411fccc2bb700c16f253e2c"',
328 verbose headers   'last-modified': 'Sun, 09 Jan 2022 11:26:36 GMT',
328 verbose headers   vary: 'Accept-Encoding',
328 verbose headers   'cf-cache-status': 'REVALIDATED',
328 verbose headers   'expect-ct': 'max-age=604800, report-uri="https://report-uri.cloudflare.com/cdn-cgi/beacon/expect-ct"',
328 verbose headers   'x-amz-replication-status': 'COMPLETED',
328 verbose headers   server: 'cloudflare' }
329 silly get cb [ 304,
329 silly get   { date: 'Fri, 01 Apr 2022 09:29:04 GMT',
329 silly get     connection: 'keep-alive',
329 silly get     'cf-ray': '6f504c542e60c740-RUN',
329 silly get     'cache-control': 'public, max-age=300',
329 silly get     etag: '"48c4e5879411fccc2bb700c16f253e2c"',
329 silly get     'last-modified': 'Sun, 09 Jan 2022 11:26:36 GMT',
329 silly get     vary: 'Accept-Encoding',
329 silly get     'cf-cache-status': 'REVALIDATED',
329 silly get     'expect-ct': 'max-age=604800, report-uri="https://report-uri.cloudflare.com/cdn-cgi/beacon/expect-ct"',
329 silly get     'x-amz-replication-status': 'COMPLETED',
329 silly get     server: 'cloudflare' } ]
330 verbose etag https://registry.npmjs.org/glob-parent from cache
331 verbose get saving glob-parent to /home/jonathan/.npm/registry.npmjs.org/glob-parent/.cache.json
332 silly resolveWithNewModule glob-parent@5.1.2 checking installable status
333 silly cache add args [ 'glob-parent@~5.1.2', null ]
334 verbose cache add spec glob-parent@~5.1.2
335 silly cache add parsed spec Result {
335 silly cache add   raw: 'glob-parent@~5.1.2',
335 silly cache add   scope: null,
335 silly cache add   name: 'glob-parent',
335 silly cache add   rawSpec: '~5.1.2',
335 silly cache add   spec: '>=5.1.2 <5.2.0',
335 silly cache add   type: 'range' }
336 silly addNamed glob-parent@>=5.1.2 <5.2.0
337 verbose addNamed ">=5.1.2 <5.2.0" is a valid semver range for glob-parent
338 silly addNameRange { name: 'glob-parent', range: '>=5.1.2 <5.2.0', hasData: false }
339 silly mapToRegistry name glob-parent
340 silly mapToRegistry using default registry
341 silly mapToRegistry registry https://registry.npmjs.org/
342 silly mapToRegistry uri https://registry.npmjs.org/glob-parent
343 verbose addNameRange registry:https://registry.npmjs.org/glob-parent not in flight; fetching
344 http 304 https://registry.npmjs.org/braces
345 verbose headers { date: 'Fri, 01 Apr 2022 09:29:04 GMT',
345 verbose headers   connection: 'keep-alive',
345 verbose headers   'cf-ray': '6f504c545b7bc738-RUN',
345 verbose headers   'cache-control': 'public, max-age=300',
345 verbose headers   etag: '"53878de16015f7ab71c0a56f622f24f9"',
345 verbose headers   'last-modified': 'Tue, 16 Apr 2019 19:51:16 GMT',
345 verbose headers   vary: 'Accept-Encoding',
345 verbose headers   'cf-cache-status': 'REVALIDATED',
345 verbose headers   'expect-ct': 'max-age=604800, report-uri="https://report-uri.cloudflare.com/cdn-cgi/beacon/expect-ct"',
345 verbose headers   server: 'cloudflare' }
346 silly get cb [ 304,
346 silly get   { date: 'Fri, 01 Apr 2022 09:29:04 GMT',
346 silly get     connection: 'keep-alive',
346 silly get     'cf-ray': '6f504c545b7bc738-RUN',
346 silly get     'cache-control': 'public, max-age=300',
346 silly get     etag: '"53878de16015f7ab71c0a56f622f24f9"',
346 silly get     'last-modified': 'Tue, 16 Apr 2019 19:51:16 GMT',
346 silly get     vary: 'Accept-Encoding',
346 silly get     'cf-cache-status': 'REVALIDATED',
346 silly get     'expect-ct': 'max-age=604800, report-uri="https://report-uri.cloudflare.com/cdn-cgi/beacon/expect-ct"',
346 silly get     server: 'cloudflare' } ]
347 verbose etag https://registry.npmjs.org/braces from cache
348 verbose get saving braces to /home/jonathan/.npm/registry.npmjs.org/braces/.cache.json
349 http 304 https://registry.npmjs.org/normalize-path
350 verbose headers { date: 'Fri, 01 Apr 2022 09:29:04 GMT',
350 verbose headers   connection: 'keep-alive',
350 verbose headers   'cf-ray': '6f504c545e74c740-RUN',
350 verbose headers   'cache-control': 'public, max-age=300',
350 verbose headers   etag: '"0a459c763ee9d4916c02d792a226cce9"',
350 verbose headers   'last-modified': 'Sun, 27 May 2018 10:33:45 GMT',
350 verbose headers   vary: 'Accept-Encoding',
350 verbose headers   'cf-cache-status': 'REVALIDATED',
350 verbose headers   'expect-ct': 'max-age=604800, report-uri="https://report-uri.cloudflare.com/cdn-cgi/beacon/expect-ct"',
350 verbose headers   server: 'cloudflare' }
351 silly get cb [ 304,
351 silly get   { date: 'Fri, 01 Apr 2022 09:29:04 GMT',
351 silly get     connection: 'keep-alive',
351 silly get     'cf-ray': '6f504c545e74c740-RUN',
351 silly get     'cache-control': 'public, max-age=300',
351 silly get     etag: '"0a459c763ee9d4916c02d792a226cce9"',
351 silly get     'last-modified': 'Sun, 27 May 2018 10:33:45 GMT',
351 silly get     vary: 'Accept-Encoding',
351 silly get     'cf-cache-status': 'REVALIDATED',
351 silly get     'expect-ct': 'max-age=604800, report-uri="https://report-uri.cloudflare.com/cdn-cgi/beacon/expect-ct"',
351 silly get     server: 'cloudflare' } ]
352 verbose etag https://registry.npmjs.org/normalize-path from cache
353 verbose get saving normalize-path to /home/jonathan/.npm/registry.npmjs.org/normalize-path/.cache.json
354 verbose get https://registry.npmjs.org/glob-parent not expired, no request
355 silly addNameRange number 2 { name: 'glob-parent', range: '>=5.1.2 <5.2.0', hasData: true }
356 silly addNameRange versions [ 'glob-parent',
356 silly addNameRange   [ '1.0.0',
356 silly addNameRange     '1.1.0',
356 silly addNameRange     '1.2.0',
356 silly addNameRange     '1.3.0',
356 silly addNameRange     '2.0.0',
356 silly addNameRange     '3.0.0',
356 silly addNameRange     '3.0.1',
356 silly addNameRange     '3.1.0',
356 silly addNameRange     '4.0.0',
356 silly addNameRange     '5.0.0',
356 silly addNameRange     '5.1.0',
356 silly addNameRange     '5.1.1',
356 silly addNameRange     '5.1.2',
356 silly addNameRange     '6.0.0',
356 silly addNameRange     '6.0.1',
356 silly addNameRange     '6.0.2' ] ]
357 silly addNamed glob-parent@5.1.2
358 verbose addNamed "5.1.2" is a plain semver version for glob-parent
359 silly cache afterAdd glob-parent@5.1.2
360 verbose afterAdd /home/jonathan/.npm/glob-parent/5.1.2/package/package.json not in flight; writing
361 silly resolveWithNewModule braces@3.0.2 checking installable status
362 silly cache add args [ 'braces@~3.0.2', null ]
363 verbose cache add spec braces@~3.0.2
364 silly cache add parsed spec Result {
364 silly cache add   raw: 'braces@~3.0.2',
364 silly cache add   scope: null,
364 silly cache add   name: 'braces',
364 silly cache add   rawSpec: '~3.0.2',
364 silly cache add   spec: '>=3.0.2 <3.1.0',
364 silly cache add   type: 'range' }
365 silly addNamed braces@>=3.0.2 <3.1.0
366 verbose addNamed ">=3.0.2 <3.1.0" is a valid semver range for braces
367 silly addNameRange { name: 'braces', range: '>=3.0.2 <3.1.0', hasData: false }
368 silly mapToRegistry name braces
369 silly mapToRegistry using default registry
370 silly mapToRegistry registry https://registry.npmjs.org/
371 silly mapToRegistry uri https://registry.npmjs.org/braces
372 verbose addNameRange registry:https://registry.npmjs.org/braces not in flight; fetching
373 silly resolveWithNewModule normalize-path@3.0.0 checking installable status
374 silly cache add args [ 'normalize-path@~3.0.0', null ]
375 verbose cache add spec normalize-path@~3.0.0
376 silly cache add parsed spec Result {
376 silly cache add   raw: 'normalize-path@~3.0.0',
376 silly cache add   scope: null,
376 silly cache add   name: 'normalize-path',
376 silly cache add   rawSpec: '~3.0.0',
376 silly cache add   spec: '>=3.0.0 <3.1.0',
376 silly cache add   type: 'range' }
377 silly addNamed normalize-path@>=3.0.0 <3.1.0
378 verbose addNamed ">=3.0.0 <3.1.0" is a valid semver range for normalize-path
379 silly addNameRange { name: 'normalize-path',
379 silly addNameRange   range: '>=3.0.0 <3.1.0',
379 silly addNameRange   hasData: false }
380 silly mapToRegistry name normalize-path
381 silly mapToRegistry using default registry
382 silly mapToRegistry registry https://registry.npmjs.org/
383 silly mapToRegistry uri https://registry.npmjs.org/normalize-path
384 verbose addNameRange registry:https://registry.npmjs.org/normalize-path not in flight; fetching
385 verbose afterAdd /home/jonathan/.npm/glob-parent/5.1.2/package/package.json written
386 verbose get https://registry.npmjs.org/braces not expired, no request
387 silly addNameRange number 2 { name: 'braces', range: '>=3.0.2 <3.1.0', hasData: true }
388 silly addNameRange versions [ 'braces',
388 silly addNameRange   [ '0.1.0',
388 silly addNameRange     '0.1.1',
388 silly addNameRange     '0.1.2',
388 silly addNameRange     '0.1.4',
388 silly addNameRange     '0.1.5',
388 silly addNameRange     '1.0.0',
388 silly addNameRange     '1.1.0',
388 silly addNameRange     '1.2.0',
388 silly addNameRange     '1.3.0',
388 silly addNameRange     '1.4.0',
388 silly addNameRange     '1.5.0',
388 silly addNameRange     '1.5.1',
388 silly addNameRange     '1.6.0',
388 silly addNameRange     '1.7.0',
388 silly addNameRange     '1.8.0',
388 silly addNameRange     '1.8.1',
388 silly addNameRange     '1.8.2',
388 silly addNameRange     '1.8.3',
388 silly addNameRange     '1.8.4',
388 silly addNameRange     '1.8.5',
388 silly addNameRange     '2.0.0',
388 silly addNameRange     '2.0.1',
388 silly addNameRange     '2.0.2',
388 silly addNameRange     '2.0.3',
388 silly addNameRange     '2.0.4',
388 silly addNameRange     '2.1.0',
388 silly addNameRange     '2.1.1',
388 silly addNameRange     '2.2.0',
388 silly addNameRange     '2.2.1',
388 silly addNameRange     '2.2.2',
388 silly addNameRange     '2.3.0',
388 silly addNameRange     '2.3.1',
388 silly addNameRange     '2.3.2',
388 silly addNameRange     '3.0.0',
388 silly addNameRange     '3.0.1',
388 silly addNameRange     '3.0.2' ] ]
389 silly addNamed braces@3.0.2
390 verbose addNamed "3.0.2" is a plain semver version for braces
391 verbose get https://registry.npmjs.org/normalize-path not expired, no request
392 silly addNameRange number 2 { name: 'normalize-path',
392 silly addNameRange   range: '>=3.0.0 <3.1.0',
392 silly addNameRange   hasData: true }
393 silly addNameRange versions [ 'normalize-path',
393 silly addNameRange   [ '0.1.0',
393 silly addNameRange     '0.1.1',
393 silly addNameRange     '0.2.0',
393 silly addNameRange     '0.2.1',
393 silly addNameRange     '0.3.0',
393 silly addNameRange     '1.0.0',
393 silly addNameRange     '2.0.0',
393 silly addNameRange     '2.0.1',
393 silly addNameRange     '2.1.0',
393 silly addNameRange     '2.1.1',
393 silly addNameRange     '3.0.0' ] ]
394 silly addNamed normalize-path@3.0.0
395 verbose addNamed "3.0.0" is a plain semver version for normalize-path
396 silly cache afterAdd braces@3.0.2
397 verbose afterAdd /home/jonathan/.npm/braces/3.0.2/package/package.json not in flight; writing
398 silly cache afterAdd normalize-path@3.0.0
399 verbose afterAdd /home/jonathan/.npm/normalize-path/3.0.0/package/package.json not in flight; writing
400 verbose afterAdd /home/jonathan/.npm/braces/3.0.2/package/package.json written
401 verbose afterAdd /home/jonathan/.npm/normalize-path/3.0.0/package/package.json written
402 http 304 https://registry.npmjs.org/is-glob
403 verbose headers { date: 'Fri, 01 Apr 2022 09:29:04 GMT',
403 verbose headers   connection: 'keep-alive',
403 verbose headers   'cf-ray': '6f504c5458fbc744-RUN',
403 verbose headers   'cache-control': 'public, max-age=300',
403 verbose headers   etag: '"8782fcfb5a95e30fb35c10665b84820d"',
403 verbose headers   'last-modified': 'Sun, 09 Jan 2022 15:37:14 GMT',
403 verbose headers   vary: 'Accept-Encoding',
403 verbose headers   'cf-cache-status': 'REVALIDATED',
403 verbose headers   'expect-ct': 'max-age=604800, report-uri="https://report-uri.cloudflare.com/cdn-cgi/beacon/expect-ct"',
403 verbose headers   'x-amz-replication-status': 'COMPLETED',
403 verbose headers   server: 'cloudflare' }
404 silly get cb [ 304,
404 silly get   { date: 'Fri, 01 Apr 2022 09:29:04 GMT',
404 silly get     connection: 'keep-alive',
404 silly get     'cf-ray': '6f504c5458fbc744-RUN',
404 silly get     'cache-control': 'public, max-age=300',
404 silly get     etag: '"8782fcfb5a95e30fb35c10665b84820d"',
404 silly get     'last-modified': 'Sun, 09 Jan 2022 15:37:14 GMT',
404 silly get     vary: 'Accept-Encoding',
404 silly get     'cf-cache-status': 'REVALIDATED',
404 silly get     'expect-ct': 'max-age=604800, report-uri="https://report-uri.cloudflare.com/cdn-cgi/beacon/expect-ct"',
404 silly get     'x-amz-replication-status': 'COMPLETED',
404 silly get     server: 'cloudflare' } ]
405 verbose etag https://registry.npmjs.org/is-glob from cache
406 verbose get saving is-glob to /home/jonathan/.npm/registry.npmjs.org/is-glob/.cache.json
407 silly resolveWithNewModule is-glob@4.0.3 checking installable status
408 silly cache add args [ 'is-glob@~4.0.1', null ]
409 verbose cache add spec is-glob@~4.0.1
410 silly cache add parsed spec Result {
410 silly cache add   raw: 'is-glob@~4.0.1',
410 silly cache add   scope: null,
410 silly cache add   name: 'is-glob',
410 silly cache add   rawSpec: '~4.0.1',
410 silly cache add   spec: '>=4.0.1 <4.1.0',
410 silly cache add   type: 'range' }
411 silly addNamed is-glob@>=4.0.1 <4.1.0
412 verbose addNamed ">=4.0.1 <4.1.0" is a valid semver range for is-glob
413 silly addNameRange { name: 'is-glob', range: '>=4.0.1 <4.1.0', hasData: false }
414 silly mapToRegistry name is-glob
415 silly mapToRegistry using default registry
416 silly mapToRegistry registry https://registry.npmjs.org/
417 silly mapToRegistry uri https://registry.npmjs.org/is-glob
418 verbose addNameRange registry:https://registry.npmjs.org/is-glob not in flight; fetching
419 verbose get https://registry.npmjs.org/is-glob not expired, no request
420 silly addNameRange number 2 { name: 'is-glob', range: '>=4.0.1 <4.1.0', hasData: true }
421 silly addNameRange versions [ 'is-glob',
421 silly addNameRange   [ '0.1.0',
421 silly addNameRange     '0.2.0',
421 silly addNameRange     '0.3.0',
421 silly addNameRange     '1.0.0',
421 silly addNameRange     '1.1.0',
421 silly addNameRange     '1.1.1',
421 silly addNameRange     '1.1.2',
421 silly addNameRange     '1.1.3',
421 silly addNameRange     '2.0.0',
421 silly addNameRange     '2.0.1',
421 silly addNameRange     '3.0.0',
421 silly addNameRange     '3.1.0',
421 silly addNameRange     '4.0.0',
421 silly addNameRange     '4.0.1',
421 silly addNameRange     '4.0.2',
421 silly addNameRange     '4.0.3' ] ]
422 silly addNamed is-glob@4.0.3
423 verbose addNamed "4.0.3" is a plain semver version for is-glob
424 silly cache afterAdd is-glob@4.0.3
425 verbose afterAdd /home/jonathan/.npm/is-glob/4.0.3/package/package.json not in flight; writing
426 verbose afterAdd /home/jonathan/.npm/is-glob/4.0.3/package/package.json written
427 http 304 https://registry.npmjs.org/fsevents
428 verbose headers { date: 'Fri, 01 Apr 2022 09:29:04 GMT',
428 verbose headers   connection: 'keep-alive',
428 verbose headers   'cf-ray': '6f504c546b82c738-RUN',
428 verbose headers   'cache-control': 'public, max-age=300',
428 verbose headers   etag: '"897b89cb36d39b1e4f3706e4aaceba9b"',
428 verbose headers   'last-modified': 'Fri, 05 Feb 2021 14:46:37 GMT',
428 verbose headers   vary: 'Accept-Encoding',
428 verbose headers   'cf-cache-status': 'REVALIDATED',
428 verbose headers   'expect-ct': 'max-age=604800, report-uri="https://report-uri.cloudflare.com/cdn-cgi/beacon/expect-ct"',
428 verbose headers   server: 'cloudflare' }
429 silly get cb [ 304,
429 silly get   { date: 'Fri, 01 Apr 2022 09:29:04 GMT',
429 silly get     connection: 'keep-alive',
429 silly get     'cf-ray': '6f504c546b82c738-RUN',
429 silly get     'cache-control': 'public, max-age=300',
429 silly get     etag: '"897b89cb36d39b1e4f3706e4aaceba9b"',
429 silly get     'last-modified': 'Fri, 05 Feb 2021 14:46:37 GMT',
429 silly get     vary: 'Accept-Encoding',
429 silly get     'cf-cache-status': 'REVALIDATED',
429 silly get     'expect-ct': 'max-age=604800, report-uri="https://report-uri.cloudflare.com/cdn-cgi/beacon/expect-ct"',
429 silly get     server: 'cloudflare' } ]
430 verbose etag https://registry.npmjs.org/fsevents from cache
431 verbose get saving fsevents to /home/jonathan/.npm/registry.npmjs.org/fsevents/.cache.json
432 silly resolveWithNewModule fsevents@2.3.2 checking installable status
433 silly fetchNamedPackageData picomatch
434 silly mapToRegistry name picomatch
435 silly mapToRegistry using default registry
436 silly mapToRegistry registry https://registry.npmjs.org/
437 silly mapToRegistry uri https://registry.npmjs.org/picomatch
438 verbose request uri https://registry.npmjs.org/picomatch
439 verbose request no auth needed
440 info attempt registry request try #1 at 1:29:04 PM
441 verbose etag W/"135bda11d229263d833c1425aa0dd5d0"
442 verbose lastModified Sun, 02 Jan 2022 17:18:28 GMT
443 http request GET https://registry.npmjs.org/picomatch
444 http 304 https://registry.npmjs.org/picomatch
445 verbose headers { date: 'Fri, 01 Apr 2022 09:29:05 GMT',
445 verbose headers   connection: 'keep-alive',
445 verbose headers   'cf-ray': '6f504c5dba57c738-RUN',
445 verbose headers   'cache-control': 'public, max-age=300',
445 verbose headers   etag: '"135bda11d229263d833c1425aa0dd5d0"',
445 verbose headers   'last-modified': 'Sun, 02 Jan 2022 17:18:28 GMT',
445 verbose headers   vary: 'Accept-Encoding',
445 verbose headers   'cf-cache-status': 'REVALIDATED',
445 verbose headers   'expect-ct': 'max-age=604800, report-uri="https://report-uri.cloudflare.com/cdn-cgi/beacon/expect-ct"',
445 verbose headers   'x-amz-replication-status': 'COMPLETED',
445 verbose headers   server: 'cloudflare' }
446 silly get cb [ 304,
446 silly get   { date: 'Fri, 01 Apr 2022 09:29:05 GMT',
446 silly get     connection: 'keep-alive',
446 silly get     'cf-ray': '6f504c5dba57c738-RUN',
446 silly get     'cache-control': 'public, max-age=300',
446 silly get     etag: '"135bda11d229263d833c1425aa0dd5d0"',
446 silly get     'last-modified': 'Sun, 02 Jan 2022 17:18:28 GMT',
446 silly get     vary: 'Accept-Encoding',
446 silly get     'cf-cache-status': 'REVALIDATED',
446 silly get     'expect-ct': 'max-age=604800, report-uri="https://report-uri.cloudflare.com/cdn-cgi/beacon/expect-ct"',
446 silly get     'x-amz-replication-status': 'COMPLETED',
446 silly get     server: 'cloudflare' } ]
447 verbose etag https://registry.npmjs.org/picomatch from cache
448 verbose get saving picomatch to /home/jonathan/.npm/registry.npmjs.org/picomatch/.cache.json
449 silly resolveWithNewModule picomatch@2.3.1 checking installable status
450 silly cache add args [ 'picomatch@^2.0.4', null ]
451 verbose cache add spec picomatch@^2.0.4
452 silly cache add parsed spec Result {
452 silly cache add   raw: 'picomatch@^2.0.4',
452 silly cache add   scope: null,
452 silly cache add   name: 'picomatch',
452 silly cache add   rawSpec: '^2.0.4',
452 silly cache add   spec: '>=2.0.4 <3.0.0',
452 silly cache add   type: 'range' }
453 silly addNamed picomatch@>=2.0.4 <3.0.0
454 verbose addNamed ">=2.0.4 <3.0.0" is a valid semver range for picomatch
455 silly addNameRange { name: 'picomatch', range: '>=2.0.4 <3.0.0', hasData: false }
456 silly mapToRegistry name picomatch
457 silly mapToRegistry using default registry
458 silly mapToRegistry registry https://registry.npmjs.org/
459 silly mapToRegistry uri https://registry.npmjs.org/picomatch
460 verbose addNameRange registry:https://registry.npmjs.org/picomatch not in flight; fetching
461 verbose get https://registry.npmjs.org/picomatch not expired, no request
462 silly addNameRange number 2 { name: 'picomatch', range: '>=2.0.4 <3.0.0', hasData: true }
463 silly addNameRange versions [ 'picomatch',
463 silly addNameRange   [ '1.0.0',
463 silly addNameRange     '1.0.1',
463 silly addNameRange     '1.0.2',
463 silly addNameRange     '1.1.0',
463 silly addNameRange     '1.1.1',
463 silly addNameRange     '1.1.2',
463 silly addNameRange     '1.2.0',
463 silly addNameRange     '2.0.0',
463 silly addNameRange     '2.0.1',
463 silly addNameRange     '2.0.2',
463 silly addNameRange     '2.0.3',
463 silly addNameRange     '2.0.4',
463 silly addNameRange     '2.0.5',
463 silly addNameRange     '2.0.6',
463 silly addNameRange     '2.0.7',
463 silly addNameRange     '2.1.0',
463 silly addNameRange     '2.1.1',
463 silly addNameRange     '2.2.0',
463 silly addNameRange     '2.2.1',
463 silly addNameRange     '2.2.2',
463 silly addNameRange     '2.2.3',
463 silly addNameRange     '2.3.0',
463 silly addNameRange     '2.3.1' ] ]
464 silly addNamed picomatch@2.3.1
465 verbose addNamed "2.3.1" is a plain semver version for picomatch
466 silly cache afterAdd picomatch@2.3.1
467 verbose afterAdd /home/jonathan/.npm/picomatch/2.3.1/package/package.json not in flight; writing
468 verbose afterAdd /home/jonathan/.npm/picomatch/2.3.1/package/package.json written
469 silly fetchNamedPackageData fill-range
470 silly mapToRegistry name fill-range
471 silly mapToRegistry using default registry
472 silly mapToRegistry registry https://registry.npmjs.org/
473 silly mapToRegistry uri https://registry.npmjs.org/fill-range
474 verbose request uri https://registry.npmjs.org/fill-range
475 verbose request no auth needed
476 info attempt registry request try #1 at 1:29:05 PM
477 verbose etag W/"4eeac3d2c052a828a0fc7deef4bbc99e"
478 verbose lastModified Mon, 08 Apr 2019 13:42:42 GMT
479 http request GET https://registry.npmjs.org/fill-range
480 http 304 https://registry.npmjs.org/fill-range
481 verbose headers { date: 'Fri, 01 Apr 2022 09:29:06 GMT',
481 verbose headers   connection: 'keep-alive',
481 verbose headers   'cf-ray': '6f504c604ff6c744-RUN',
481 verbose headers   'cache-control': 'public, max-age=300',
481 verbose headers   etag: '"4eeac3d2c052a828a0fc7deef4bbc99e"',
481 verbose headers   'last-modified': 'Mon, 08 Apr 2019 13:42:42 GMT',
481 verbose headers   vary: 'Accept-Encoding',
481 verbose headers   'cf-cache-status': 'REVALIDATED',
481 verbose headers   'expect-ct': 'max-age=604800, report-uri="https://report-uri.cloudflare.com/cdn-cgi/beacon/expect-ct"',
481 verbose headers   server: 'cloudflare' }
482 silly get cb [ 304,
482 silly get   { date: 'Fri, 01 Apr 2022 09:29:06 GMT',
482 silly get     connection: 'keep-alive',
482 silly get     'cf-ray': '6f504c604ff6c744-RUN',
482 silly get     'cache-control': 'public, max-age=300',
482 silly get     etag: '"4eeac3d2c052a828a0fc7deef4bbc99e"',
482 silly get     'last-modified': 'Mon, 08 Apr 2019 13:42:42 GMT',
482 silly get     vary: 'Accept-Encoding',
482 silly get     'cf-cache-status': 'REVALIDATED',
482 silly get     'expect-ct': 'max-age=604800, report-uri="https://report-uri.cloudflare.com/cdn-cgi/beacon/expect-ct"',
482 silly get     server: 'cloudflare' } ]
483 verbose etag https://registry.npmjs.org/fill-range from cache
484 verbose get saving fill-range to /home/jonathan/.npm/registry.npmjs.org/fill-range/.cache.json
485 silly resolveWithNewModule fill-range@7.0.1 checking installable status
486 silly cache add args [ 'fill-range@^7.0.1', null ]
487 verbose cache add spec fill-range@^7.0.1
488 silly cache add parsed spec Result {
488 silly cache add   raw: 'fill-range@^7.0.1',
488 silly cache add   scope: null,
488 silly cache add   name: 'fill-range',
488 silly cache add   rawSpec: '^7.0.1',
488 silly cache add   spec: '>=7.0.1 <8.0.0',
488 silly cache add   type: 'range' }
489 silly addNamed fill-range@>=7.0.1 <8.0.0
490 verbose addNamed ">=7.0.1 <8.0.0" is a valid semver range for fill-range
491 silly addNameRange { name: 'fill-range', range: '>=7.0.1 <8.0.0', hasData: false }
492 silly mapToRegistry name fill-range
493 silly mapToRegistry using default registry
494 silly mapToRegistry registry https://registry.npmjs.org/
495 silly mapToRegistry uri https://registry.npmjs.org/fill-range
496 verbose addNameRange registry:https://registry.npmjs.org/fill-range not in flight; fetching
497 verbose get https://registry.npmjs.org/fill-range not expired, no request
498 silly addNameRange number 2 { name: 'fill-range', range: '>=7.0.1 <8.0.0', hasData: true }
499 silly addNameRange versions [ 'fill-range',
499 silly addNameRange   [ '0.1.0',
499 silly addNameRange     '0.1.1',
499 silly addNameRange     '0.2.0',
499 silly addNameRange     '1.0.0',
499 silly addNameRange     '1.1.0',
499 silly addNameRange     '1.2.0',
499 silly addNameRange     '1.3.0',
499 silly addNameRange     '1.4.0',
499 silly addNameRange     '1.5.0',
499 silly addNameRange     '1.6.0',
499 silly addNameRange     '1.7.0',
499 silly addNameRange     '1.7.1',
499 silly addNameRange     '1.8.0',
499 silly addNameRange     '1.9.0',
499 silly addNameRange     '2.0.0',
499 silly addNameRange     '2.1.0',
499 silly addNameRange     '2.2.0',
499 silly addNameRange     '2.2.1',
499 silly addNameRange     '2.2.2',
499 silly addNameRange     '2.2.3',
499 silly addNameRange     '3.0.0',
499 silly addNameRange     '3.0.1',
499 silly addNameRange     '3.0.2',
499 silly addNameRange     '3.0.3',
499 silly addNameRange     '3.1.0',
499 silly addNameRange     '3.1.1',
499 silly addNameRange     '4.0.0',
499 silly addNameRange     '5.0.0',
499 silly addNameRange     '2.2.4',
499 silly addNameRange     '6.0.0',
499 silly addNameRange     '7.0.0',
499 silly addNameRange     '7.0.1' ] ]
500 silly addNamed fill-range@7.0.1
501 verbose addNamed "7.0.1" is a plain semver version for fill-range
502 silly cache afterAdd fill-range@7.0.1
503 verbose afterAdd /home/jonathan/.npm/fill-range/7.0.1/package/package.json not in flight; writing
504 verbose afterAdd /home/jonathan/.npm/fill-range/7.0.1/package/package.json written
505 silly fetchNamedPackageData to-regex-range
506 silly mapToRegistry name to-regex-range
507 silly mapToRegistry using default registry
508 silly mapToRegistry registry https://registry.npmjs.org/
509 silly mapToRegistry uri https://registry.npmjs.org/to-regex-range
510 verbose request uri https://registry.npmjs.org/to-regex-range
511 verbose request no auth needed
512 info attempt registry request try #1 at 1:29:06 PM
513 verbose etag W/"c16671d126f61886b4fedbad415ca4c2"
514 verbose lastModified Sun, 07 Apr 2019 06:04:40 GMT
515 http request GET https://registry.npmjs.org/to-regex-range
516 http 304 https://registry.npmjs.org/to-regex-range
517 verbose headers { date: 'Fri, 01 Apr 2022 09:29:07 GMT',
517 verbose headers   connection: 'keep-alive',
517 verbose headers   'cf-ray': '6f504c696c5dc744-RUN',
517 verbose headers   'cache-control': 'public, max-age=300',
517 verbose headers   etag: '"c16671d126f61886b4fedbad415ca4c2"',
517 verbose headers   'last-modified': 'Sun, 07 Apr 2019 06:04:40 GMT',
517 verbose headers   vary: 'Accept-Encoding',
517 verbose headers   'cf-cache-status': 'REVALIDATED',
517 verbose headers   'expect-ct': 'max-age=604800, report-uri="https://report-uri.cloudflare.com/cdn-cgi/beacon/expect-ct"',
517 verbose headers   server: 'cloudflare' }
518 silly get cb [ 304,
518 silly get   { date: 'Fri, 01 Apr 2022 09:29:07 GMT',
518 silly get     connection: 'keep-alive',
518 silly get     'cf-ray': '6f504c696c5dc744-RUN',
518 silly get     'cache-control': 'public, max-age=300',
518 silly get     etag: '"c16671d126f61886b4fedbad415ca4c2"',
518 silly get     'last-modified': 'Sun, 07 Apr 2019 06:04:40 GMT',
518 silly get     vary: 'Accept-Encoding',
518 silly get     'cf-cache-status': 'REVALIDATED',
518 silly get     'expect-ct': 'max-age=604800, report-uri="https://report-uri.cloudflare.com/cdn-cgi/beacon/expect-ct"',
518 silly get     server: 'cloudflare' } ]
519 verbose etag https://registry.npmjs.org/to-regex-range from cache
520 verbose get saving to-regex-range to /home/jonathan/.npm/registry.npmjs.org/to-regex-range/.cache.json
521 silly resolveWithNewModule to-regex-range@5.0.1 checking installable status
522 silly cache add args [ 'to-regex-range@^5.0.1', null ]
523 verbose cache add spec to-regex-range@^5.0.1
524 silly cache add parsed spec Result {
524 silly cache add   raw: 'to-regex-range@^5.0.1',
524 silly cache add   scope: null,
524 silly cache add   name: 'to-regex-range',
524 silly cache add   rawSpec: '^5.0.1',
524 silly cache add   spec: '>=5.0.1 <6.0.0',
524 silly cache add   type: 'range' }
525 silly addNamed to-regex-range@>=5.0.1 <6.0.0
526 verbose addNamed ">=5.0.1 <6.0.0" is a valid semver range for to-regex-range
527 silly addNameRange { name: 'to-regex-range',
527 silly addNameRange   range: '>=5.0.1 <6.0.0',
527 silly addNameRange   hasData: false }
528 silly mapToRegistry name to-regex-range
529 silly mapToRegistry using default registry
530 silly mapToRegistry registry https://registry.npmjs.org/
531 silly mapToRegistry uri https://registry.npmjs.org/to-regex-range
532 verbose addNameRange registry:https://registry.npmjs.org/to-regex-range not in flight; fetching
533 verbose get https://registry.npmjs.org/to-regex-range not expired, no request
534 silly addNameRange number 2 { name: 'to-regex-range',
534 silly addNameRange   range: '>=5.0.1 <6.0.0',
534 silly addNameRange   hasData: true }
535 silly addNameRange versions [ 'to-regex-range',
535 silly addNameRange   [ '0.1.0',
535 silly addNameRange     '0.1.1',
535 silly addNameRange     '0.1.2',
535 silly addNameRange     '0.1.3',
535 silly addNameRange     '0.2.0',
535 silly addNameRange     '1.0.0',
535 silly addNameRange     '1.0.1',
535 silly addNameRange     '1.0.2',
535 silly addNameRange     '2.0.0',
535 silly addNameRange     '2.1.0',
535 silly addNameRange     '2.1.1',
535 silly addNameRange     '3.0.0',
535 silly addNameRange     '4.0.0',
535 silly addNameRange     '4.0.1',
535 silly addNameRange     '4.0.2',
535 silly addNameRange     '4.0.3',
535 silly addNameRange     '5.0.0',
535 silly addNameRange     '5.0.1' ] ]
536 silly addNamed to-regex-range@5.0.1
537 verbose addNamed "5.0.1" is a plain semver version for to-regex-range
538 silly cache afterAdd to-regex-range@5.0.1
539 verbose afterAdd /home/jonathan/.npm/to-regex-range/5.0.1/package/package.json not in flight; writing
540 verbose afterAdd /home/jonathan/.npm/to-regex-range/5.0.1/package/package.json written
541 silly fetchNamedPackageData is-number
542 silly mapToRegistry name is-number
543 silly mapToRegistry using default registry
544 silly mapToRegistry registry https://registry.npmjs.org/
545 silly mapToRegistry uri https://registry.npmjs.org/is-number
546 verbose request uri https://registry.npmjs.org/is-number
547 verbose request no auth needed
548 info attempt registry request try #1 at 1:29:07 PM
549 verbose etag W/"1d40f5d36d202ca83b2212f8bf3e4622"
550 verbose lastModified Wed, 04 Jul 2018 15:09:05 GMT
551 http request GET https://registry.npmjs.org/is-number
552 http 304 https://registry.npmjs.org/is-number
553 verbose headers { date: 'Fri, 01 Apr 2022 09:29:08 GMT',
553 verbose headers   connection: 'keep-alive',
553 verbose headers   'cf-ray': '6f504c6bfaffc740-RUN',
553 verbose headers   'cache-control': 'public, max-age=300',
553 verbose headers   etag: '"1d40f5d36d202ca83b2212f8bf3e4622"',
553 verbose headers   'last-modified': 'Wed, 04 Jul 2018 15:09:05 GMT',
553 verbose headers   vary: 'Accept-Encoding',
553 verbose headers   'cf-cache-status': 'REVALIDATED',
553 verbose headers   'expect-ct': 'max-age=604800, report-uri="https://report-uri.cloudflare.com/cdn-cgi/beacon/expect-ct"',
553 verbose headers   server: 'cloudflare' }
554 silly get cb [ 304,
554 silly get   { date: 'Fri, 01 Apr 2022 09:29:08 GMT',
554 silly get     connection: 'keep-alive',
554 silly get     'cf-ray': '6f504c6bfaffc740-RUN',
554 silly get     'cache-control': 'public, max-age=300',
554 silly get     etag: '"1d40f5d36d202ca83b2212f8bf3e4622"',
554 silly get     'last-modified': 'Wed, 04 Jul 2018 15:09:05 GMT',
554 silly get     vary: 'Accept-Encoding',
554 silly get     'cf-cache-status': 'REVALIDATED',
554 silly get     'expect-ct': 'max-age=604800, report-uri="https://report-uri.cloudflare.com/cdn-cgi/beacon/expect-ct"',
554 silly get     server: 'cloudflare' } ]
555 verbose etag https://registry.npmjs.org/is-number from cache
556 verbose get saving is-number to /home/jonathan/.npm/registry.npmjs.org/is-number/.cache.json
557 silly resolveWithNewModule is-number@7.0.0 checking installable status
558 silly cache add args [ 'is-number@^7.0.0', null ]
559 verbose cache add spec is-number@^7.0.0
560 silly cache add parsed spec Result {
560 silly cache add   raw: 'is-number@^7.0.0',
560 silly cache add   scope: null,
560 silly cache add   name: 'is-number',
560 silly cache add   rawSpec: '^7.0.0',
560 silly cache add   spec: '>=7.0.0 <8.0.0',
560 silly cache add   type: 'range' }
561 silly addNamed is-number@>=7.0.0 <8.0.0
562 verbose addNamed ">=7.0.0 <8.0.0" is a valid semver range for is-number
563 silly addNameRange { name: 'is-number', range: '>=7.0.0 <8.0.0', hasData: false }
564 silly mapToRegistry name is-number
565 silly mapToRegistry using default registry
566 silly mapToRegistry registry https://registry.npmjs.org/
567 silly mapToRegistry uri https://registry.npmjs.org/is-number
568 verbose addNameRange registry:https://registry.npmjs.org/is-number not in flight; fetching
569 verbose get https://registry.npmjs.org/is-number not expired, no request
570 silly addNameRange number 2 { name: 'is-number', range: '>=7.0.0 <8.0.0', hasData: true }
571 silly addNameRange versions [ 'is-number',
571 silly addNameRange   [ '0.1.0',
571 silly addNameRange     '0.1.1',
571 silly addNameRange     '1.0.0',
571 silly addNameRange     '1.1.0',
571 silly addNameRange     '1.1.1',
571 silly addNameRange     '1.1.2',
571 silly addNameRange     '2.0.0',
571 silly addNameRange     '2.0.1',
571 silly addNameRange     '2.0.2',
571 silly addNameRange     '2.1.0',
571 silly addNameRange     '3.0.0',
571 silly addNameRange     '4.0.0',
571 silly addNameRange     '5.0.0',
571 silly addNameRange     '6.0.0',
571 silly addNameRange     '7.0.0' ] ]
572 silly addNamed is-number@7.0.0
573 verbose addNamed "7.0.0" is a plain semver version for is-number
574 silly cache afterAdd is-number@7.0.0
575 verbose afterAdd /home/jonathan/.npm/is-number/7.0.0/package/package.json not in flight; writing
576 verbose afterAdd /home/jonathan/.npm/is-number/7.0.0/package/package.json written
577 silly fetchNamedPackageData is-extglob
578 silly mapToRegistry name is-extglob
579 silly mapToRegistry using default registry
580 silly mapToRegistry registry https://registry.npmjs.org/
581 silly mapToRegistry uri https://registry.npmjs.org/is-extglob
582 verbose request uri https://registry.npmjs.org/is-extglob
583 verbose request no auth needed
584 info attempt registry request try #1 at 1:29:08 PM
585 verbose etag W/"793d1b13bd8d035cd22e5c9ac543fd42"
586 verbose lastModified Sun, 27 May 2018 04:58:59 GMT
587 http request GET https://registry.npmjs.org/is-extglob
588 http 304 https://registry.npmjs.org/is-extglob
589 verbose headers { date: 'Fri, 01 Apr 2022 09:29:10 GMT',
589 verbose headers   connection: 'keep-alive',
589 verbose headers   'cf-ray': '6f504c756dffc738-RUN',
589 verbose headers   'cache-control': 'public, max-age=300',
589 verbose headers   etag: '"793d1b13bd8d035cd22e5c9ac543fd42"',
589 verbose headers   'last-modified': 'Sun, 27 May 2018 04:58:59 GMT',
589 verbose headers   vary: 'Accept-Encoding',
589 verbose headers   'cf-cache-status': 'REVALIDATED',
589 verbose headers   'expect-ct': 'max-age=604800, report-uri="https://report-uri.cloudflare.com/cdn-cgi/beacon/expect-ct"',
589 verbose headers   server: 'cloudflare' }
590 silly get cb [ 304,
590 silly get   { date: 'Fri, 01 Apr 2022 09:29:10 GMT',
590 silly get     connection: 'keep-alive',
590 silly get     'cf-ray': '6f504c756dffc738-RUN',
590 silly get     'cache-control': 'public, max-age=300',
590 silly get     etag: '"793d1b13bd8d035cd22e5c9ac543fd42"',
590 silly get     'last-modified': 'Sun, 27 May 2018 04:58:59 GMT',
590 silly get     vary: 'Accept-Encoding',
590 silly get     'cf-cache-status': 'REVALIDATED',
590 silly get     'expect-ct': 'max-age=604800, report-uri="https://report-uri.cloudflare.com/cdn-cgi/beacon/expect-ct"',
590 silly get     server: 'cloudflare' } ]
591 verbose etag https://registry.npmjs.org/is-extglob from cache
592 verbose get saving is-extglob to /home/jonathan/.npm/registry.npmjs.org/is-extglob/.cache.json
593 silly resolveWithNewModule is-extglob@2.1.1 checking installable status
594 silly cache add args [ 'is-extglob@^2.1.1', null ]
595 verbose cache add spec is-extglob@^2.1.1
596 silly cache add parsed spec Result {
596 silly cache add   raw: 'is-extglob@^2.1.1',
596 silly cache add   scope: null,
596 silly cache add   name: 'is-extglob',
596 silly cache add   rawSpec: '^2.1.1',
596 silly cache add   spec: '>=2.1.1 <3.0.0',
596 silly cache add   type: 'range' }
597 silly addNamed is-extglob@>=2.1.1 <3.0.0
598 verbose addNamed ">=2.1.1 <3.0.0" is a valid semver range for is-extglob
599 silly addNameRange { name: 'is-extglob', range: '>=2.1.1 <3.0.0', hasData: false }
600 silly mapToRegistry name is-extglob
601 silly mapToRegistry using default registry
602 silly mapToRegistry registry https://registry.npmjs.org/
603 silly mapToRegistry uri https://registry.npmjs.org/is-extglob
604 verbose addNameRange registry:https://registry.npmjs.org/is-extglob not in flight; fetching
605 verbose get https://registry.npmjs.org/is-extglob not expired, no request
606 silly addNameRange number 2 { name: 'is-extglob', range: '>=2.1.1 <3.0.0', hasData: true }
607 silly addNameRange versions [ 'is-extglob', [ '1.0.0', '2.0.0', '2.1.0', '2.1.1' ] ]
608 silly addNamed is-extglob@2.1.1
609 verbose addNamed "2.1.1" is a plain semver version for is-extglob
610 silly cache afterAdd is-extglob@2.1.1
611 verbose afterAdd /home/jonathan/.npm/is-extglob/2.1.1/package/package.json not in flight; writing
612 verbose afterAdd /home/jonathan/.npm/is-extglob/2.1.1/package/package.json written
613 silly fetchNamedPackageData binary-extensions
614 silly mapToRegistry name binary-extensions
615 silly mapToRegistry using default registry
616 silly mapToRegistry registry https://registry.npmjs.org/
617 silly mapToRegistry uri https://registry.npmjs.org/binary-extensions
618 verbose request uri https://registry.npmjs.org/binary-extensions
619 verbose request no auth needed
620 info attempt registry request try #1 at 1:29:10 PM
621 verbose etag W/"9c1775087369fb3d517e2727c6252cf8"
622 verbose lastModified Sun, 10 Jan 2021 17:52:50 GMT
623 http request GET https://registry.npmjs.org/binary-extensions
624 http 304 https://registry.npmjs.org/binary-extensions
625 verbose headers { date: 'Fri, 01 Apr 2022 09:29:11 GMT',
625 verbose headers   connection: 'keep-alive',
625 verbose headers   'cf-ray': '6f504c7e7cf9c740-RUN',
625 verbose headers   'cache-control': 'public, max-age=300',
625 verbose headers   etag: '"9c1775087369fb3d517e2727c6252cf8"',
625 verbose headers   'last-modified': 'Sun, 10 Jan 2021 17:52:50 GMT',
625 verbose headers   vary: 'Accept-Encoding',
625 verbose headers   'cf-cache-status': 'REVALIDATED',
625 verbose headers   'expect-ct': 'max-age=604800, report-uri="https://report-uri.cloudflare.com/cdn-cgi/beacon/expect-ct"',
625 verbose headers   server: 'cloudflare' }
626 silly get cb [ 304,
626 silly get   { date: 'Fri, 01 Apr 2022 09:29:11 GMT',
626 silly get     connection: 'keep-alive',
626 silly get     'cf-ray': '6f504c7e7cf9c740-RUN',
626 silly get     'cache-control': 'public, max-age=300',
626 silly get     etag: '"9c1775087369fb3d517e2727c6252cf8"',
626 silly get     'last-modified': 'Sun, 10 Jan 2021 17:52:50 GMT',
626 silly get     vary: 'Accept-Encoding',
626 silly get     'cf-cache-status': 'REVALIDATED',
626 silly get     'expect-ct': 'max-age=604800, report-uri="https://report-uri.cloudflare.com/cdn-cgi/beacon/expect-ct"',
626 silly get     server: 'cloudflare' } ]
627 verbose etag https://registry.npmjs.org/binary-extensions from cache
628 verbose get saving binary-extensions to /home/jonathan/.npm/registry.npmjs.org/binary-extensions/.cache.json
629 silly resolveWithNewModule binary-extensions@2.2.0 checking installable status
630 silly cache add args [ 'binary-extensions@^2.0.0', null ]
631 verbose cache add spec binary-extensions@^2.0.0
632 silly cache add parsed spec Result {
632 silly cache add   raw: 'binary-extensions@^2.0.0',
632 silly cache add   scope: null,
632 silly cache add   name: 'binary-extensions',
632 silly cache add   rawSpec: '^2.0.0',
632 silly cache add   spec: '>=2.0.0 <3.0.0',
632 silly cache add   type: 'range' }
633 silly addNamed binary-extensions@>=2.0.0 <3.0.0
634 verbose addNamed ">=2.0.0 <3.0.0" is a valid semver range for binary-extensions
635 silly addNameRange { name: 'binary-extensions',
635 silly addNameRange   range: '>=2.0.0 <3.0.0',
635 silly addNameRange   hasData: false }
636 silly mapToRegistry name binary-extensions
637 silly mapToRegistry using default registry
638 silly mapToRegistry registry https://registry.npmjs.org/
639 silly mapToRegistry uri https://registry.npmjs.org/binary-extensions
640 verbose addNameRange registry:https://registry.npmjs.org/binary-extensions not in flight; fetching
641 verbose get https://registry.npmjs.org/binary-extensions not expired, no request
642 silly addNameRange number 2 { name: 'binary-extensions',
642 silly addNameRange   range: '>=2.0.0 <3.0.0',
642 silly addNameRange   hasData: true }
643 silly addNameRange versions [ 'binary-extensions',
643 silly addNameRange   [ '1.0.0',
643 silly addNameRange     '1.0.1',
643 silly addNameRange     '1.0.2',
643 silly addNameRange     '1.1.0',
643 silly addNameRange     '1.1.1',
643 silly addNameRange     '1.2.0',
643 silly addNameRange     '1.3.0',
643 silly addNameRange     '1.3.1',
643 silly addNameRange     '1.4.0',
643 silly addNameRange     '1.4.1',
643 silly addNameRange     '1.5.0',
643 silly addNameRange     '1.6.0',
643 silly addNameRange     '1.7.0',
643 silly addNameRange     '1.8.0',
643 silly addNameRange     '1.9.0',
643 silly addNameRange     '1.10.0',
643 silly addNameRange     '1.11.0',
643 silly addNameRange     '1.12.0',
643 silly addNameRange     '1.13.0',
643 silly addNameRange     '1.13.1',
643 silly addNameRange     '2.0.0',
643 silly addNameRange     '2.1.0',
643 silly addNameRange     '2.2.0' ] ]
644 silly addNamed binary-extensions@2.2.0
645 verbose addNamed "2.2.0" is a plain semver version for binary-extensions
646 silly cache afterAdd binary-extensions@2.2.0
647 verbose afterAdd /home/jonathan/.npm/binary-extensions/2.2.0/package/package.json not in flight; writing
648 verbose afterAdd /home/jonathan/.npm/binary-extensions/2.2.0/package/package.json written
649 silly loadAllDepsIntoIdealTree Finishing
650 silly idealTree:prePrune lib
650 silly idealTree:prePrune  sass@1.49.10
650 silly idealTree:prePrune    anymatch@3.1.2
650 silly idealTree:prePrune    binary-extensions@2.2.0
650 silly idealTree:prePrune    braces@3.0.2
650 silly idealTree:prePrune    chokidar@3.5.3
650 silly idealTree:prePrune    fill-range@7.0.1
650 silly idealTree:prePrune    glob-parent@5.1.2
650 silly idealTree:prePrune    immutable@4.0.0
650 silly idealTree:prePrune    is-binary-path@2.1.0
650 silly idealTree:prePrune    is-extglob@2.1.1
650 silly idealTree:prePrune    is-glob@4.0.3
650 silly idealTree:prePrune    is-number@7.0.0
650 silly idealTree:prePrune    normalize-path@3.0.0
650 silly idealTree:prePrune    picomatch@2.3.1
650 silly idealTree:prePrune    readdirp@3.6.0
650 silly idealTree:prePrune    source-map-js@1.0.2
650 silly idealTree:prePrune    to-regex-range@5.0.1
651 silly loadIdealTree Finishing
652 silly currentTree lib
653 silly idealTree lib
653 silly idealTree  sass@1.49.10
653 silly idealTree    anymatch@3.1.2
653 silly idealTree    binary-extensions@2.2.0
653 silly idealTree    braces@3.0.2
653 silly idealTree    chokidar@3.5.3
653 silly idealTree    fill-range@7.0.1
653 silly idealTree    glob-parent@5.1.2
653 silly idealTree    immutable@4.0.0
653 silly idealTree    is-binary-path@2.1.0
653 silly idealTree    is-extglob@2.1.1
653 silly idealTree    is-glob@4.0.3
653 silly idealTree    is-number@7.0.0
653 silly idealTree    normalize-path@3.0.0
653 silly idealTree    picomatch@2.3.1
653 silly idealTree    readdirp@3.6.0
653 silly idealTree    source-map-js@1.0.2
653 silly idealTree    to-regex-range@5.0.1
654 silly generateActionsToTake Starting
655 silly install generateActionsToTake
656 warn checkPermissions Missing write access to /usr/local/lib/node_modules
657 silly rollbackFailedOptional Starting
658 silly rollbackFailedOptional Finishing
659 silly runTopLevelLifecycles Starting
660 silly runTopLevelLifecycles Finishing
661 silly install printInstalled
662 warn optional Skipping failed optional dependency /sass/chokidar/fsevents:
663 warn notsup Not compatible with your operating system or architecture: fsevents@2.3.2
664 verbose stack Error: EACCES: permission denied, access '/usr/local/lib/node_modules'
665 verbose cwd /media/jonathan/SSD BOOT/Users/Jonathan/Desktop/Ohmyfood
666 error Linux 5.4.0-105-generic
667 error argv "/usr/bin/node" "/usr/bin/npm" "install" "-g" "sass"
668 error node v8.10.0
669 error npm  v3.5.2
670 error path /usr/local/lib/node_modules
671 error code EACCES
672 error errno -13
673 error syscall access
674 error Error: EACCES: permission denied, access '/usr/local/lib/node_modules'
674 error  { Error: EACCES: permission denied, access '/usr/local/lib/node_modules'
674 error   errno: -13,
674 error   code: 'EACCES',
674 error   syscall: 'access',
674 error   path: '/usr/local/lib/node_modules' }
675 error Please try running this command again as root/Administrator.
676 verbose exit [ -13, true ]
